[2026-01-16 09:34:10] [INFO] ==========================================
[2026-01-16 09:34:10] [INFO] Starting Ralph Auto Loop
[2026-01-16 09:34:10] [INFO] ==========================================
[2026-01-16 09:34:10] [INFO] Checking prerequisites...
[2026-01-16 09:34:10] [INFO] Found 7 actionable spec(s) in specs/
[2026-01-16 09:34:10] [SUCCESS] Prerequisites check passed
[2026-01-16 09:34:10] [INFO] Running initial CI checks...
[2026-01-16 09:34:10] [INFO] Running CI checks...
[2026-01-16 09:34:10] [ERROR] CI checks failed
[2026-01-16 09:34:10] [WARN] Initial CI checks failed - errors will be included in prompt for agent to fix
[2026-01-16 09:34:10] [INFO] ------------------------------------------
[2026-01-16 09:34:10] [INFO] ITERATION 1
[2026-01-16 09:34:11] [INFO] ------------------------------------------
[2026-01-16 09:34:11] [INFO] Starting iteration 1
[2026-01-16 09:34:11] [INFO] Running OpenCode agent...
[2026-01-16 09:34:31] [SUCCESS] Agent completed iteration 1
[2026-01-16 09:34:31] [WARN] Agent did not complete a task
[2026-01-16 09:34:31] [INFO] Found uncommitted changes, running CI checks...
[2026-01-16 09:34:31] [INFO] Running CI checks...
[2026-01-16 09:34:32] [SUCCESS] CI checks passed
[2026-01-16 09:34:32] [INFO] Committing changes...
